<?xml version="1.0" encoding="UTF-8"?>
<!-- Generated by org.testng.reporters.JUnitReportReporter -->
<testsuite skipped="0" hostname="G1C2ML27712" name="com.mindtree.runner.TestRunner" tests="2" failures="0" timestamp="2019-09-24T08:26:11 IST" time="0.066" errors="0">
  <testcase name="feature" time="0.054" classname="com.mindtree.runner.TestRunner"/>
  <testcase name="feature" time="0.012" classname="com.mindtree.runner.TestRunner"/>
</testsuite> <!-- com.mindtree.runner.TestRunner -->
